build/intermediates/manifest_merge_blame_file/conversationsFreeDebug/manifest-merger-blame-conversations-free-debug-report.txt
1<?xml version="1.0" encoding="utf-8"?>
2<manifest xmlns:android="http://schemas.android.com/apk/res/android"
3    package="eu.siacs.conversations"
4    android:versionCode="4205300"
5    android:versionName="2.12.2+free" >
6
7    <uses-sdk
8        android:minSdkVersion="21"
9        android:targetSdkVersion="32" />
10
11    <uses-permission android:name="android.permission.BLUETOOTH_CONNECT" />
11-->src/main/AndroidManifest.xml:5:5-76
11-->src/main/AndroidManifest.xml:5:22-73
12    <uses-permission android:name="android.permission.WRITE_EXTERNAL_STORAGE" />
12-->src/main/AndroidManifest.xml:6:5-81
12-->src/main/AndroidManifest.xml:6:22-78
13    <uses-permission android:name="android.permission.READ_EXTERNAL_STORAGE" />
13-->src/main/AndroidManifest.xml:7:5-80
13-->src/main/AndroidManifest.xml:7:22-77
14    <uses-permission android:name="android.permission.READ_CONTACTS" />
14-->src/main/AndroidManifest.xml:8:5-72
14-->src/main/AndroidManifest.xml:8:22-69
15    <uses-permission android:name="android.permission.READ_PROFILE" />
15-->src/main/AndroidManifest.xml:9:5-71
15-->src/main/AndroidManifest.xml:9:22-68
16    <uses-permission
16-->src/main/AndroidManifest.xml:10:5-12:38
17        android:name="android.permission.READ_PHONE_STATE"
17-->src/main/AndroidManifest.xml:11:9-59
18        android:maxSdkVersion="22" />
18-->src/main/AndroidManifest.xml:12:9-35
19    <uses-permission android:name="android.permission.INTERNET" />
19-->src/main/AndroidManifest.xml:13:5-67
19-->src/main/AndroidManifest.xml:13:22-64
20    <uses-permission android:name="android.permission.ACCESS_NETWORK_STATE" />
20-->src/main/AndroidManifest.xml:14:5-79
20-->src/main/AndroidManifest.xml:14:22-76
21    <uses-permission android:name="android.permission.WAKE_LOCK" />
21-->src/main/AndroidManifest.xml:15:5-68
21-->src/main/AndroidManifest.xml:15:22-65
22    <uses-permission android:name="android.permission.RECEIVE_BOOT_COMPLETED" />
22-->src/main/AndroidManifest.xml:16:5-81
22-->src/main/AndroidManifest.xml:16:22-78
23    <uses-permission android:name="android.permission.VIBRATE" />
23-->src/main/AndroidManifest.xml:17:5-66
23-->src/main/AndroidManifest.xml:17:22-63
24    <uses-permission android:name="android.permission.REQUEST_IGNORE_BATTERY_OPTIMIZATIONS" />
24-->src/main/AndroidManifest.xml:18:5-95
24-->src/main/AndroidManifest.xml:18:22-92
25    <uses-permission android:name="android.permission.ACCESS_COARSE_LOCATION" />
25-->src/main/AndroidManifest.xml:19:5-81
25-->src/main/AndroidManifest.xml:19:22-78
26    <uses-permission android:name="android.permission.ACCESS_FINE_LOCATION" />
26-->src/main/AndroidManifest.xml:20:5-79
26-->src/main/AndroidManifest.xml:20:22-76
27    <uses-permission android:name="android.permission.ACCESS_WIFI_STATE" />
27-->src/main/AndroidManifest.xml:21:5-76
27-->src/main/AndroidManifest.xml:21:22-73
28    <uses-permission android:name="android.permission.FOREGROUND_SERVICE" />
28-->src/main/AndroidManifest.xml:22:5-77
28-->src/main/AndroidManifest.xml:22:22-74
29    <uses-permission android:name="android.permission.REQUEST_INSTALL_PACKAGES" />
29-->src/main/AndroidManifest.xml:23:5-83
29-->src/main/AndroidManifest.xml:23:22-80
30
31    <uses-feature
31-->src/main/AndroidManifest.xml:25:5-27:36
32        android:name="android.hardware.location"
32-->src/main/AndroidManifest.xml:26:9-49
33        android:required="false" />
33-->src/main/AndroidManifest.xml:27:9-33
34    <uses-feature
34-->src/main/AndroidManifest.xml:28:5-30:36
35        android:name="android.hardware.location.gps"
35-->src/main/AndroidManifest.xml:29:9-53
36        android:required="false" />
36-->src/main/AndroidManifest.xml:30:9-33
37    <uses-feature
37-->src/main/AndroidManifest.xml:31:5-33:36
38        android:name="android.hardware.location.network"
38-->src/main/AndroidManifest.xml:32:9-57
39        android:required="false" />
39-->src/main/AndroidManifest.xml:33:9-33
40
41    <uses-permission android:name="android.permission.CAMERA" />
41-->src/main/AndroidManifest.xml:35:5-65
41-->src/main/AndroidManifest.xml:35:22-62
42    <uses-permission android:name="android.permission.RECORD_AUDIO" />
42-->src/main/AndroidManifest.xml:36:5-71
42-->src/main/AndroidManifest.xml:36:22-68
43    <uses-permission android:name="android.permission.BLUETOOTH" />
43-->src/main/AndroidManifest.xml:37:5-68
43-->src/main/AndroidManifest.xml:37:22-65
44    <uses-permission android:name="android.permission.MODIFY_AUDIO_SETTINGS" />
44-->src/main/AndroidManifest.xml:38:5-80
44-->src/main/AndroidManifest.xml:38:22-77
45    <uses-permission android:name="android.permission.USE_FULL_SCREEN_INTENT" />
45-->src/main/AndroidManifest.xml:39:5-81
45-->src/main/AndroidManifest.xml:39:22-78
46    <uses-permission android:name="android.permission.SYSTEM_ALERT_WINDOW" />
46-->src/main/AndroidManifest.xml:40:5-78
46-->src/main/AndroidManifest.xml:40:22-75
47
48    <uses-feature
48-->src/main/AndroidManifest.xml:42:5-44:36
49        android:name="android.hardware.camera"
49-->src/main/AndroidManifest.xml:43:9-47
50        android:required="false" />
50-->src/main/AndroidManifest.xml:44:9-33
51    <uses-feature
51-->src/main/AndroidManifest.xml:45:5-47:36
52        android:name="android.hardware.camera.autofocus"
52-->src/main/AndroidManifest.xml:46:9-57
53        android:required="false" />
53-->src/main/AndroidManifest.xml:47:9-33
54    <uses-feature
54-->src/main/AndroidManifest.xml:49:5-51:36
55        android:name="android.hardware.microphone"
55-->src/main/AndroidManifest.xml:50:9-51
56        android:required="false" />
56-->src/main/AndroidManifest.xml:51:9-33
57
58    <queries>
58-->src/main/AndroidManifest.xml:53:5-73:15
59        <package android:name="org.sufficientlysecure.keychain" />
59-->src/main/AndroidManifest.xml:54:9-67
59-->src/main/AndroidManifest.xml:54:18-64
60        <package android:name="org.torproject.android" />
60-->src/main/AndroidManifest.xml:55:9-58
60-->src/main/AndroidManifest.xml:55:18-55
61
62        <intent>
62-->src/main/AndroidManifest.xml:57:9-59:18
63            <action android:name="eu.siacs.conversations.location.request" />
63-->src/main/AndroidManifest.xml:58:13-78
63-->src/main/AndroidManifest.xml:58:21-75
64        </intent>
65        <intent>
65-->src/main/AndroidManifest.xml:60:9-62:18
66            <action android:name="eu.siacs.conversations.location.show" />
66-->src/main/AndroidManifest.xml:61:13-75
66-->src/main/AndroidManifest.xml:61:21-72
67        </intent>
68        <intent>
68-->src/main/AndroidManifest.xml:63:9-66:18
69            <action android:name="android.intent.action.VIEW" />
69-->src/main/AndroidManifest.xml:64:13-65
69-->src/main/AndroidManifest.xml:64:21-62
70
71            <data android:mimeType="resource/folder" />
71-->src/main/AndroidManifest.xml:65:13-56
71-->src/main/AndroidManifest.xml:65:19-53
72        </intent>
73        <intent>
73-->src/main/AndroidManifest.xml:67:9-69:18
74            <action android:name="android.intent.action.VIEW" />
74-->src/main/AndroidManifest.xml:64:13-65
74-->src/main/AndroidManifest.xml:64:21-62
75        </intent>
76        <intent>
76-->src/main/AndroidManifest.xml:70:9-72:18
77            <action android:name="org.unifiedpush.android.connector.MESSAGE" />
77-->src/main/AndroidManifest.xml:71:13-79
77-->src/main/AndroidManifest.xml:71:21-77
78        </intent>
79    </queries> <!-- for android -->
80    <!-- <uses-permission android:name="com.android.launcher.permission.READ_SETTINGS"/> -->
81    <!-- <uses-permission android:name="com.android.launcher.permission.WRITE_SETTINGS"/> -->
82    <!-- <uses-permission android:name="com.android.launcher.permission.INSTALL_SHORTCUT" /> -->
83    <!-- <uses-permission android:name="com.android.launcher.permission.UNINSTALL_SHORTCUT" /> -->
84    <!-- for Samsung -->
85    <uses-permission android:name="com.sec.android.provider.badge.permission.READ" />
85-->[me.leolin:ShortcutBadger:1.1.22] AndroidManifest.xml:19:5-86
85-->[me.leolin:ShortcutBadger:1.1.22] AndroidManifest.xml:19:22-83
86    <uses-permission android:name="com.sec.android.provider.badge.permission.WRITE" /> <!-- for htc -->
86-->[me.leolin:ShortcutBadger:1.1.22] AndroidManifest.xml:20:5-87
86-->[me.leolin:ShortcutBadger:1.1.22] AndroidManifest.xml:20:22-84
87    <uses-permission android:name="com.htc.launcher.permission.READ_SETTINGS" />
87-->[me.leolin:ShortcutBadger:1.1.22] AndroidManifest.xml:23:5-81
87-->[me.leolin:ShortcutBadger:1.1.22] AndroidManifest.xml:23:22-78
88    <uses-permission android:name="com.htc.launcher.permission.UPDATE_SHORTCUT" /> <!-- for sony -->
88-->[me.leolin:ShortcutBadger:1.1.22] AndroidManifest.xml:24:5-83
88-->[me.leolin:ShortcutBadger:1.1.22] AndroidManifest.xml:24:22-80
89    <uses-permission android:name="com.sonyericsson.home.permission.BROADCAST_BADGE" />
89-->[me.leolin:ShortcutBadger:1.1.22] AndroidManifest.xml:27:5-88
89-->[me.leolin:ShortcutBadger:1.1.22] AndroidManifest.xml:27:22-85
90    <uses-permission android:name="com.sonymobile.home.permission.PROVIDER_INSERT_BADGE" /> <!-- for apex -->
90-->[me.leolin:ShortcutBadger:1.1.22] AndroidManifest.xml:28:5-92
90-->[me.leolin:ShortcutBadger:1.1.22] AndroidManifest.xml:28:22-89
91    <uses-permission android:name="com.anddoes.launcher.permission.UPDATE_COUNT" /> <!-- for solid -->
91-->[me.leolin:ShortcutBadger:1.1.22] AndroidManifest.xml:31:5-84
91-->[me.leolin:ShortcutBadger:1.1.22] AndroidManifest.xml:31:22-81
92    <uses-permission android:name="com.majeur.launcher.permission.UPDATE_BADGE" /> <!-- for huawei -->
92-->[me.leolin:ShortcutBadger:1.1.22] AndroidManifest.xml:34:5-83
92-->[me.leolin:ShortcutBadger:1.1.22] AndroidManifest.xml:34:22-80
93    <uses-permission android:name="com.huawei.android.launcher.permission.CHANGE_BADGE" />
93-->[me.leolin:ShortcutBadger:1.1.22] AndroidManifest.xml:37:5-91
93-->[me.leolin:ShortcutBadger:1.1.22] AndroidManifest.xml:37:22-88
94    <uses-permission android:name="com.huawei.android.launcher.permission.READ_SETTINGS" />
94-->[me.leolin:ShortcutBadger:1.1.22] AndroidManifest.xml:38:5-92
94-->[me.leolin:ShortcutBadger:1.1.22] AndroidManifest.xml:38:22-89
95    <uses-permission android:name="com.huawei.android.launcher.permission.WRITE_SETTINGS" /> <!-- for ZUK -->
95-->[me.leolin:ShortcutBadger:1.1.22] AndroidManifest.xml:39:5-93
95-->[me.leolin:ShortcutBadger:1.1.22] AndroidManifest.xml:39:22-90
96    <uses-permission android:name="android.permission.READ_APP_BADGE" /> <!-- for OPPO -->
96-->[me.leolin:ShortcutBadger:1.1.22] AndroidManifest.xml:42:5-73
96-->[me.leolin:ShortcutBadger:1.1.22] AndroidManifest.xml:42:22-70
97    <uses-permission android:name="com.oppo.launcher.permission.READ_SETTINGS" />
97-->[me.leolin:ShortcutBadger:1.1.22] AndroidManifest.xml:45:5-82
97-->[me.leolin:ShortcutBadger:1.1.22] AndroidManifest.xml:45:22-79
98    <uses-permission android:name="com.oppo.launcher.permission.WRITE_SETTINGS" /> <!-- for EvMe -->
98-->[me.leolin:ShortcutBadger:1.1.22] AndroidManifest.xml:46:5-83
98-->[me.leolin:ShortcutBadger:1.1.22] AndroidManifest.xml:46:22-80
99    <uses-permission android:name="me.everything.badger.permission.BADGE_COUNT_READ" />
99-->[me.leolin:ShortcutBadger:1.1.22] AndroidManifest.xml:49:5-88
99-->[me.leolin:ShortcutBadger:1.1.22] AndroidManifest.xml:49:22-85
100    <uses-permission android:name="me.everything.badger.permission.BADGE_COUNT_WRITE" />
100-->[me.leolin:ShortcutBadger:1.1.22] AndroidManifest.xml:50:5-89
100-->[me.leolin:ShortcutBadger:1.1.22] AndroidManifest.xml:50:22-86
101
102    <supports-screens
102-->[org.osmdroid:osmdroid-android:6.1.11] AndroidManifest.xml:11:5-14:40
103        android:anyDensity="true"
103-->[org.osmdroid:osmdroid-android:6.1.11] AndroidManifest.xml:12:9-34
104        android:largeScreens="true"
104-->[org.osmdroid:osmdroid-android:6.1.11] AndroidManifest.xml:13:9-36
105        android:normalScreens="true" />
105-->[org.osmdroid:osmdroid-android:6.1.11] AndroidManifest.xml:14:9-37
106
107    <uses-feature
107-->[org.osmdroid:osmdroid-android:6.1.11] AndroidManifest.xml:22:5-24:36
108        android:name="android.hardware.telephony"
108-->[org.osmdroid:osmdroid-android:6.1.11] AndroidManifest.xml:23:9-50
109        android:required="false" />
109-->[org.osmdroid:osmdroid-android:6.1.11] AndroidManifest.xml:24:9-33
110    <uses-feature
110-->[org.osmdroid:osmdroid-android:6.1.11] AndroidManifest.xml:25:5-27:36
111        android:name="android.hardware.wifi"
111-->[org.osmdroid:osmdroid-android:6.1.11] AndroidManifest.xml:26:9-45
112        android:required="false" />
112-->[org.osmdroid:osmdroid-android:6.1.11] AndroidManifest.xml:27:9-33
113
114    <application
114-->src/main/AndroidManifest.xml:76:5-353:19
115        android:allowBackup="true"
115-->src/main/AndroidManifest.xml:77:9-35
116        android:appCategory="social"
116-->src/main/AndroidManifest.xml:78:9-37
117        android:appComponentFactory="androidx.core.app.CoreComponentFactory"
117-->[androidx.core:core:1.8.0] AndroidManifest.xml:24:18-86
118        android:debuggable="true"
119        android:fullBackupContent="@xml/backup_content"
119-->src/main/AndroidManifest.xml:79:9-56
120        android:hardwareAccelerated="true"
120-->src/main/AndroidManifest.xml:80:9-43
121        android:icon="@mipmap/ic_pastelito_launcher"
121-->src/main/AndroidManifest.xml:81:9-53
122        android:label="@string/app_name"
122-->src/main/AndroidManifest.xml:82:9-41
123        android:largeHeap="true"
123-->src/main/AndroidManifest.xml:83:9-33
124        android:networkSecurityConfig="@xml/network_security_configuration"
124-->src/main/AndroidManifest.xml:84:9-76
125        android:preserveLegacyExternalStorage="true"
125-->src/main/AndroidManifest.xml:85:9-53
126        android:requestLegacyExternalStorage="true"
126-->src/main/AndroidManifest.xml:86:9-52
127        android:theme="@style/ConversationsTheme" >
127-->src/main/AndroidManifest.xml:87:9-50
128        <activity
128-->src/conversations/AndroidManifest.xml:5:9-8:47
129            android:name="eu.siacs.conversations.ui.ManageAccountActivity"
129-->src/conversations/AndroidManifest.xml:6:13-53
130            android:label="@string/title_activity_manage_accounts"
130-->src/conversations/AndroidManifest.xml:7:13-67
131            android:launchMode="singleTask" />
131-->src/conversations/AndroidManifest.xml:8:13-44
132        <activity
132-->src/conversations/AndroidManifest.xml:9:9-12:47
133            android:name="eu.siacs.conversations.ui.WelcomeActivity"
133-->src/conversations/AndroidManifest.xml:10:13-47
134            android:label="@string/app_name"
134-->src/conversations/AndroidManifest.xml:11:13-45
135            android:launchMode="singleTask" />
135-->src/conversations/AndroidManifest.xml:12:13-44
136        <activity
136-->src/conversations/AndroidManifest.xml:13:9-16:47
137            android:name="eu.siacs.conversations.ui.PickServerActivity"
137-->src/conversations/AndroidManifest.xml:14:13-50
138            android:label="@string/create_new_account"
138-->src/conversations/AndroidManifest.xml:15:13-55
139            android:launchMode="singleTask" />
139-->src/conversations/AndroidManifest.xml:16:13-44
140        <activity
140-->src/conversations/AndroidManifest.xml:17:9-20:47
141            android:name="eu.siacs.conversations.ui.MagicCreateActivity"
141-->src/conversations/AndroidManifest.xml:18:13-51
142            android:label="@string/create_new_account"
142-->src/conversations/AndroidManifest.xml:19:13-55
143            android:launchMode="singleTask" />
143-->src/conversations/AndroidManifest.xml:20:13-44
144        <activity
144-->src/conversations/AndroidManifest.xml:21:9-24:47
145            android:name="eu.siacs.conversations.ui.EasyOnboardingInviteActivity"
145-->src/conversations/AndroidManifest.xml:22:13-60
146            android:label="@string/invite_to_app"
146-->src/conversations/AndroidManifest.xml:23:13-50
147            android:launchMode="singleTask" />
147-->src/conversations/AndroidManifest.xml:24:13-44
148        <activity
148-->src/conversations/AndroidManifest.xml:25:9-78:20
149            android:name="eu.siacs.conversations.ui.ImportBackupActivity"
149-->src/conversations/AndroidManifest.xml:26:13-52
150            android:exported="true"
150-->src/conversations/AndroidManifest.xml:27:13-36
151            android:label="@string/restore_backup"
151-->src/conversations/AndroidManifest.xml:28:13-51
152            android:launchMode="singleTask" >
152-->src/conversations/AndroidManifest.xml:29:13-44
153            <intent-filter>
153-->src/conversations/AndroidManifest.xml:30:13-36:29
154                <action android:name="android.intent.action.VIEW" />
154-->src/main/AndroidManifest.xml:64:13-65
154-->src/main/AndroidManifest.xml:64:21-62
155
156                <category android:name="android.intent.category.DEFAULT" />
156-->src/main/AndroidManifest.xml:164:17-76
156-->src/main/AndroidManifest.xml:164:27-73
157
158                <data android:mimeType="application/vnd.conversations.backup" />
158-->src/main/AndroidManifest.xml:65:13-56
158-->src/main/AndroidManifest.xml:65:19-53
159                <data android:scheme="content" />
159-->src/main/AndroidManifest.xml:65:13-56
159-->src/conversations/AndroidManifest.xml:35:23-47
160            </intent-filter>
161            <intent-filter>
161-->src/conversations/AndroidManifest.xml:37:13-43:29
162                <action android:name="android.intent.action.VIEW" />
162-->src/main/AndroidManifest.xml:64:13-65
162-->src/main/AndroidManifest.xml:64:21-62
163
164                <category android:name="android.intent.category.DEFAULT" />
164-->src/main/AndroidManifest.xml:164:17-76
164-->src/main/AndroidManifest.xml:164:27-73
165
166                <data android:mimeType="application/vnd.conversations.backup" />
166-->src/main/AndroidManifest.xml:65:13-56
166-->src/main/AndroidManifest.xml:65:19-53
167                <data android:scheme="file" />
167-->src/main/AndroidManifest.xml:65:13-56
167-->src/conversations/AndroidManifest.xml:35:23-47
168            </intent-filter>
169            <intent-filter>
169-->src/conversations/AndroidManifest.xml:44:13-60:29
170                <action android:name="android.intent.action.VIEW" />
170-->src/main/AndroidManifest.xml:64:13-65
170-->src/main/AndroidManifest.xml:64:21-62
171
172                <category android:name="android.intent.category.DEFAULT" />
172-->src/main/AndroidManifest.xml:164:17-76
172-->src/main/AndroidManifest.xml:164:27-73
173                <category android:name="android.intent.category.BROWSABLE" />
173-->src/main/AndroidManifest.xml:165:17-78
173-->src/main/AndroidManifest.xml:165:27-75
174
175                <data android:scheme="content" />
175-->src/main/AndroidManifest.xml:65:13-56
175-->src/conversations/AndroidManifest.xml:35:23-47
176                <data android:host="*" />
176-->src/main/AndroidManifest.xml:65:13-56
176-->src/conversations/AndroidManifest.xml:51:23-39
177                <data android:mimeType="*/*" />
177-->src/main/AndroidManifest.xml:65:13-56
177-->src/main/AndroidManifest.xml:65:19-53
178                <data android:pathPattern=".*\\.ceb" />
178-->src/main/AndroidManifest.xml:65:13-56
178-->src/conversations/AndroidManifest.xml:53:23-53
179                <data android:pathPattern=".*\\..*\\.ceb" />
179-->src/main/AndroidManifest.xml:65:13-56
179-->src/conversations/AndroidManifest.xml:53:23-53
180                <data android:pathPattern=".*\\..*\\..*\\.ceb" />
180-->src/main/AndroidManifest.xml:65:13-56
180-->src/conversations/AndroidManifest.xml:53:23-53
181                <data android:pathPattern=".*\\..*\\..*\\..*\\.ceb" />
181-->src/main/AndroidManifest.xml:65:13-56
181-->src/conversations/AndroidManifest.xml:53:23-53
182                <data android:pathPattern=".*\\..*\\..*\\..*\\..*\\.ceb" />
182-->src/main/AndroidManifest.xml:65:13-56
182-->src/conversations/AndroidManifest.xml:53:23-53
183                <data android:pathPattern=".*\\..*\\..*\\..*\\..*\\..*\\.ceb" />
183-->src/main/AndroidManifest.xml:65:13-56
183-->src/conversations/AndroidManifest.xml:53:23-53
184                <data android:pathPattern=".*\\..*\\..*\\..*\\..*\\..*\\..*\\.ceb" />
184-->src/main/AndroidManifest.xml:65:13-56
184-->src/conversations/AndroidManifest.xml:53:23-53
185            </intent-filter>
186            <intent-filter>
186-->src/conversations/AndroidManifest.xml:61:13-77:29
187                <action android:name="android.intent.action.VIEW" />
187-->src/main/AndroidManifest.xml:64:13-65
187-->src/main/AndroidManifest.xml:64:21-62
188
189                <category android:name="android.intent.category.DEFAULT" />
189-->src/main/AndroidManifest.xml:164:17-76
189-->src/main/AndroidManifest.xml:164:27-73
190                <category android:name="android.intent.category.BROWSABLE" />
190-->src/main/AndroidManifest.xml:165:17-78
190-->src/main/AndroidManifest.xml:165:27-75
191
192                <data android:scheme="file" />
192-->src/main/AndroidManifest.xml:65:13-56
192-->src/conversations/AndroidManifest.xml:35:23-47
193                <data android:host="*" />
193-->src/main/AndroidManifest.xml:65:13-56
193-->src/conversations/AndroidManifest.xml:51:23-39
194                <data android:mimeType="*/*" />
194-->src/main/AndroidManifest.xml:65:13-56
194-->src/main/AndroidManifest.xml:65:19-53
195                <data android:pathPattern=".*\\.ceb" />
195-->src/main/AndroidManifest.xml:65:13-56
195-->src/conversations/AndroidManifest.xml:53:23-53
196                <data android:pathPattern=".*\\..*\\.ceb" />
196-->src/main/AndroidManifest.xml:65:13-56
196-->src/conversations/AndroidManifest.xml:53:23-53
197                <data android:pathPattern=".*\\..*\\..*\\.ceb" />
197-->src/main/AndroidManifest.xml:65:13-56
197-->src/conversations/AndroidManifest.xml:53:23-53
198                <data android:pathPattern=".*\\..*\\..*\\..*\\.ceb" />
198-->src/main/AndroidManifest.xml:65:13-56
198-->src/conversations/AndroidManifest.xml:53:23-53
199                <data android:pathPattern=".*\\..*\\..*\\..*\\..*\\.ceb" />
199-->src/main/AndroidManifest.xml:65:13-56
199-->src/conversations/AndroidManifest.xml:53:23-53
200                <data android:pathPattern=".*\\..*\\..*\\..*\\..*\\..*\\.ceb" />
200-->src/main/AndroidManifest.xml:65:13-56
200-->src/conversations/AndroidManifest.xml:53:23-53
201                <data android:pathPattern=".*\\..*\\..*\\..*\\..*\\..*\\..*\\.ceb" />
201-->src/main/AndroidManifest.xml:65:13-56
201-->src/conversations/AndroidManifest.xml:53:23-53
202            </intent-filter>
203        </activity>
204
205        <meta-data
205-->src/main/AndroidManifest.xml:91:9-93:59
206            android:name="com.google.android.gms.car.application"
206-->src/main/AndroidManifest.xml:92:13-66
207            android:resource="@xml/automotive_app_desc" />
207-->src/main/AndroidManifest.xml:93:13-56
208
209        <service android:name="eu.siacs.conversations.services.XmppConnectionService" />
209-->src/main/AndroidManifest.xml:95:9-67
209-->src/main/AndroidManifest.xml:95:18-64
210
211        <receiver
211-->src/main/AndroidManifest.xml:97:9-106:20
212            android:name="eu.siacs.conversations.services.EventReceiver"
212-->src/main/AndroidManifest.xml:98:13-51
213            android:exported="true" >
213-->src/main/AndroidManifest.xml:99:13-36
214            <intent-filter>
214-->src/main/AndroidManifest.xml:100:13-105:29
215                <action android:name="android.intent.action.BOOT_COMPLETED" />
215-->src/main/AndroidManifest.xml:101:17-79
215-->src/main/AndroidManifest.xml:101:25-76
216                <action android:name="android.net.conn.CONNECTIVITY_CHANGE" />
216-->src/main/AndroidManifest.xml:102:17-79
216-->src/main/AndroidManifest.xml:102:25-76
217                <action android:name="android.intent.action.ACTION_SHUTDOWN" />
217-->src/main/AndroidManifest.xml:103:17-80
217-->src/main/AndroidManifest.xml:103:25-77
218                <action android:name="android.media.RINGER_MODE_CHANGED" />
218-->src/main/AndroidManifest.xml:104:17-76
218-->src/main/AndroidManifest.xml:104:25-73
219            </intent-filter>
220        </receiver>
221        <receiver
221-->src/main/AndroidManifest.xml:108:9-121:20
222            android:name="eu.siacs.conversations.services.UnifiedPushDistributor"
222-->src/main/AndroidManifest.xml:109:13-60
223            android:enabled="false"
223-->src/main/AndroidManifest.xml:110:13-36
224            android:exported="true" >
224-->src/main/AndroidManifest.xml:111:13-36
225            <intent-filter>
225-->src/main/AndroidManifest.xml:112:13-116:29
226                <action android:name="org.unifiedpush.android.distributor.REGISTER" />
226-->src/main/AndroidManifest.xml:113:17-87
226-->src/main/AndroidManifest.xml:113:25-84
227                <action android:name="org.unifiedpush.android.distributor.UNREGISTER" />
227-->src/main/AndroidManifest.xml:114:17-89
227-->src/main/AndroidManifest.xml:114:25-86
228                <action android:name="org.unifiedpush.android.distributor.feature.BYTES_MESSAGE" />
228-->src/main/AndroidManifest.xml:115:17-100
228-->src/main/AndroidManifest.xml:115:25-97
229            </intent-filter>
230            <intent-filter>
230-->src/main/AndroidManifest.xml:117:13-120:29
231                <action android:name="android.intent.action.PACKAGE_FULLY_REMOVED" />
231-->src/main/AndroidManifest.xml:118:17-86
231-->src/main/AndroidManifest.xml:118:25-83
232
233                <data android:scheme="package" />
233-->src/main/AndroidManifest.xml:65:13-56
233-->src/conversations/AndroidManifest.xml:35:23-47
234            </intent-filter>
235        </receiver>
236
237        <activity
237-->src/main/AndroidManifest.xml:123:9-125:69
238            android:name="eu.siacs.conversations.ui.ShareLocationActivity"
238-->src/main/AndroidManifest.xml:124:13-53
239            android:label="@string/title_activity_share_location" />
239-->src/main/AndroidManifest.xml:125:13-66
240        <activity
240-->src/main/AndroidManifest.xml:126:9-128:55
241            android:name="eu.siacs.conversations.ui.SearchActivity"
241-->src/main/AndroidManifest.xml:127:13-46
242            android:label="@string/search_messages" />
242-->src/main/AndroidManifest.xml:128:13-52
243        <activity
243-->src/main/AndroidManifest.xml:129:9-132:64
244            android:name="eu.siacs.conversations.ui.RecordingActivity"
244-->src/main/AndroidManifest.xml:130:13-49
245            android:configChanges="orientation|screenSize"
245-->src/main/AndroidManifest.xml:131:13-59
246            android:theme="@style/ConversationsTheme.Dialog" />
246-->src/main/AndroidManifest.xml:132:13-61
247        <activity
247-->src/main/AndroidManifest.xml:133:9-135:68
248            android:name="eu.siacs.conversations.ui.ShowLocationActivity"
248-->src/main/AndroidManifest.xml:134:13-52
249            android:label="@string/title_activity_show_location" />
249-->src/main/AndroidManifest.xml:135:13-65
250        <activity
250-->src/main/AndroidManifest.xml:136:9-144:20
251            android:name="eu.siacs.conversations.ui.ConversationActivity"
251-->src/main/AndroidManifest.xml:137:13-52
252            android:exported="true"
252-->src/main/AndroidManifest.xml:138:13-36
253            android:theme="@style/SplashTheme" >
253-->src/main/AndroidManifest.xml:139:13-47
254            <intent-filter>
254-->src/main/AndroidManifest.xml:140:13-143:29
255                <action android:name="android.intent.action.MAIN" />
255-->src/main/AndroidManifest.xml:141:17-69
255-->src/main/AndroidManifest.xml:141:25-66
256
257                <category android:name="android.intent.category.LAUNCHER" />
257-->src/main/AndroidManifest.xml:142:17-77
257-->src/main/AndroidManifest.xml:142:27-74
258            </intent-filter>
259        </activity>
260        <activity
260-->src/main/AndroidManifest.xml:145:9-151:57
261            android:name="eu.siacs.conversations.ui.ConversationsActivity"
261-->src/main/AndroidManifest.xml:146:13-53
262            android:label="@string/app_name"
262-->src/main/AndroidManifest.xml:147:13-45
263            android:launchMode="singleTask"
263-->src/main/AndroidManifest.xml:148:13-44
264            android:minHeight="300dp"
264-->src/main/AndroidManifest.xml:150:13-38
265            android:minWidth="300dp"
265-->src/main/AndroidManifest.xml:149:13-37
266            android:windowSoftInputMode="stateHidden" />
266-->src/main/AndroidManifest.xml:151:13-54
267        <activity
267-->src/main/AndroidManifest.xml:152:9-156:63
268            android:name="eu.siacs.conversations.ui.ScanActivity"
268-->src/main/AndroidManifest.xml:153:13-44
269            android:screenOrientation="portrait"
269-->src/main/AndroidManifest.xml:154:13-49
270            android:theme="@style/ConversationsTheme.FullScreen"
270-->src/main/AndroidManifest.xml:155:13-65
271            android:windowSoftInputMode="stateAlwaysHidden" />
271-->src/main/AndroidManifest.xml:156:13-60
272        <activity
272-->src/main/AndroidManifest.xml:157:9-196:20
273            android:name="eu.siacs.conversations.ui.UriHandlerActivity"
273-->src/main/AndroidManifest.xml:158:13-50
274            android:exported="true"
274-->src/main/AndroidManifest.xml:159:13-36
275            android:label="@string/app_name" >
275-->src/main/AndroidManifest.xml:160:13-45
276            <intent-filter>
276-->src/main/AndroidManifest.xml:161:13-168:29
277                <action android:name="android.intent.action.VIEW" />
277-->src/main/AndroidManifest.xml:64:13-65
277-->src/main/AndroidManifest.xml:64:21-62
278
279                <category android:name="android.intent.category.DEFAULT" />
279-->src/main/AndroidManifest.xml:164:17-76
279-->src/main/AndroidManifest.xml:164:27-73
280                <category android:name="android.intent.category.BROWSABLE" />
280-->src/main/AndroidManifest.xml:165:17-78
280-->src/main/AndroidManifest.xml:165:27-75
281
282                <data android:scheme="xmpp" />